\BOOKMARK [1][-]{section.1}{\376\377\000P\000E\000N\000D\000A\000H\000U\000L\000U\000A\000N}{}% 1
\BOOKMARK [2][-]{subsection.1.1}{\376\377\000L\000a\000t\000a\000r\000\040\000B\000e\000l\000a\000k\000a\000n\000g}{section.1}% 2
\BOOKMARK [2][-]{subsection.1.2}{\376\377\000M\000o\000t\000i\000v\000a\000s\000i}{section.1}% 3
\BOOKMARK [2][-]{subsection.1.3}{\376\377\000T\000u\000j\000u\000a\000n\000\040\000E\000k\000s\000p\000e\000r\000i\000m\000e\000n}{section.1}% 4
\BOOKMARK [1][-]{section.2}{\376\377\000L\000A\000N\000D\000A\000S\000A\000N\000\040\000T\000E\000O\000R\000I}{}% 5
\BOOKMARK [2][-]{subsection.2.1}{\376\377\000T\000r\000a\000n\000s\000f\000o\000r\000m\000e\000r\000\040\000d\000a\000n\000\040\000S\000e\000l\000f\000-\000A\000t\000t\000e\000n\000t\000i\000o\000n}{section.2}% 6
\BOOKMARK [2][-]{subsection.2.2}{\376\377\000D\000e\000s\000k\000r\000i\000p\000s\000i\000\040\000M\000o\000d\000e\000l}{section.2}% 7
\BOOKMARK [3][-]{subsubsection.2.2.1}{\376\377\000S\000w\000i\000n\000\040\000T\000r\000a\000n\000s\000f\000o\000r\000m\000e\000r}{subsection.2.2}% 8
\BOOKMARK [3][-]{subsubsection.2.2.2}{\376\377\000D\000e\000i\000T\000\040\000\050\000D\000a\000t\000a\000-\000e\000f\000f\000i\000c\000i\000e\000n\000t\000\040\000I\000m\000a\000g\000e\000\040\000T\000r\000a\000n\000s\000f\000o\000r\000m\000e\000r\000\051}{subsection.2.2}% 9
\BOOKMARK [3][-]{subsubsection.2.2.3}{\376\377\000M\000A\000E\000\040\000\050\000M\000a\000s\000k\000e\000d\000\040\000A\000u\000t\000o\000e\000n\000c\000o\000d\000e\000r\000\051}{subsection.2.2}% 10
\BOOKMARK [2][-]{subsection.2.3}{\376\377\000P\000e\000r\000b\000e\000d\000a\000a\000n\000\040\000K\000u\000n\000c\000i}{section.2}% 11
\BOOKMARK [2][-]{subsection.2.4}{\376\377\000K\000e\000l\000e\000b\000i\000h\000a\000n\000\040\000d\000a\000n\000\040\000K\000e\000k\000u\000r\000a\000n\000g\000a\000n\000\040\000M\000o\000d\000e\000l}{section.2}% 12
\BOOKMARK [1][-]{section.3}{\376\377\000M\000E\000T\000O\000D\000O\000L\000O\000G\000I}{}% 13
\BOOKMARK [2][-]{subsection.3.1}{\376\377\000D\000a\000t\000a\000s\000e\000t}{section.3}% 14
\BOOKMARK [2][-]{subsection.3.2}{\376\377\000P\000r\000e\000p\000r\000o\000c\000e\000s\000s\000i\000n\000g\000\040\000d\000a\000n\000\040\000A\000u\000g\000m\000e\000n\000t\000a\000s\000i}{section.3}% 15
\BOOKMARK [2][-]{subsection.3.3}{\376\377\000K\000o\000n\000f\000i\000g\000u\000r\000a\000s\000i\000\040\000T\000r\000a\000i\000n\000i\000n\000g}{section.3}% 16
\BOOKMARK [2][-]{subsection.3.4}{\376\377\000L\000i\000b\000r\000a\000r\000y\000\040\000d\000a\000n\000\040\000F\000r\000a\000m\000e\000w\000o\000r\000k}{section.3}% 17
\BOOKMARK [2][-]{subsection.3.5}{\376\377\000S\000p\000e\000s\000i\000f\000i\000k\000a\000s\000i\000\040\000H\000a\000r\000d\000w\000a\000r\000e}{section.3}% 18
\BOOKMARK [2][-]{subsection.3.6}{\376\377\000P\000e\000n\000g\000u\000k\000u\000r\000a\000n\000\040\000M\000e\000t\000r\000i\000k\000\040\000E\000v\000a\000l\000u\000a\000s\000i}{section.3}% 19
\BOOKMARK [1][-]{section.4}{\376\377\000H\000A\000S\000I\000L\000\040\000D\000A\000N\000\040\000A\000N\000A\000L\000I\000S\000I\000S}{}% 20
\BOOKMARK [2][-]{subsection.4.1}{\376\377\000P\000e\000r\000b\000a\000n\000d\000i\000n\000g\000a\000n\000\040\000J\000u\000m\000l\000a\000h\000\040\000P\000a\000r\000a\000m\000e\000t\000e\000r}{section.4}% 21
\BOOKMARK [2][-]{subsection.4.2}{\376\377\000P\000e\000r\000b\000a\000n\000d\000i\000n\000g\000a\000n\000\040\000M\000e\000t\000r\000i\000k\000\040\000P\000e\000r\000f\000o\000r\000m\000a}{section.4}% 22
\BOOKMARK [2][-]{subsection.4.3}{\376\377\000P\000e\000r\000b\000a\000n\000d\000i\000n\000g\000a\000n\000\040\000W\000a\000k\000t\000u\000\040\000I\000n\000f\000e\000r\000e\000n\000s\000i}{section.4}% 23
\BOOKMARK [2][-]{subsection.4.4}{\376\377\000V\000i\000s\000u\000a\000l\000i\000s\000a\000s\000i\000\040\000H\000a\000s\000i\000l}{section.4}% 24
\BOOKMARK [2][-]{subsection.4.5}{\376\377\000A\000n\000a\000l\000i\000s\000i\000s\000\040\000M\000e\000n\000d\000a\000l\000a\000m}{section.4}% 25
\BOOKMARK [3][-]{subsubsection.4.5.1}{\376\377\000K\000e\000u\000n\000g\000g\000u\000l\000a\000n\000\040\000T\000i\000a\000p\000\040\000M\000o\000d\000e\000l\000\040}{subsection.4.5}% 26
\BOOKMARK [3][-]{subsubsection.4.5.2}{\376\377\000T\000r\000a\000d\000e\000-\000o\000f\000f\000\040\000A\000k\000u\000r\000a\000s\000i\000,\000\040\000P\000a\000r\000a\000m\000e\000t\000e\000r\000,\000\040\000d\000a\000n\000\040\000K\000e\000c\000e\000p\000a\000t\000a\000n}{subsection.4.5}% 27
\BOOKMARK [3][-]{subsubsection.4.5.3}{\376\377\000K\000e\000s\000e\000s\000u\000a\000i\000a\000n\000\040\000M\000o\000d\000e\000l\000\040\000d\000e\000n\000g\000a\000n\000\040\000D\000a\000t\000a\000s\000e\000t}{subsection.4.5}% 28
\BOOKMARK [1][-]{section.5}{\376\377\000K\000E\000S\000I\000M\000P\000U\000L\000A\000N\000\040\000D\000A\000N\000\040\000S\000A\000R\000A\000N}{}% 29
\BOOKMARK [2][-]{subsection.5.1}{\376\377\000K\000e\000s\000i\000m\000p\000u\000l\000a\000n}{section.5}% 30
\BOOKMARK [2][-]{subsection.5.2}{\376\377\000R\000e\000k\000o\000m\000e\000n\000d\000a\000s\000i\000\040\000P\000e\000m\000i\000l\000i\000h\000a\000n\000\040\000M\000o\000d\000e\000l}{section.5}% 31
\BOOKMARK [2][-]{subsection.5.3}{\376\377\000S\000a\000r\000a\000n\000\040\000P\000e\000n\000g\000e\000m\000b\000a\000n\000g\000a\000n}{section.5}% 32
\BOOKMARK [1][-]{subsection.5.3}{\376\377\000L\000A\000M\000P\000I\000R\000A\000N}{}% 33
